     1                                  bits 32 ; assembling for the 32 bits architecture
     2                                  
     3                                  ; declare the EntryPoint (a label defining the very first instruction of the program)
     4                                  global start        
     5                                  
     6                                  ; declare external functions needed by our program
     7                                  extern exit               ; tell nasm that exit exists even if we won't be defining it
     8                                  import exit msvcrt.dll    ; exit is a function that ends the calling process. It is defined in msvcrt.dll
     9                                                            ; msvcrt.dll contains exit, printf and all the other important C-runtime specific functions
    10                                  
    11                                  ; our data is declared here (the variables needed by our program)
    12                                  segment data use32 class=data
    13                                      ; a,b,c - byte, d - word
    14 00000000 0300                        d dw 3
    15                                      
    16                                  
    17                                  ; our code starts here
    18                                  segment code use32 class=code
    19                                      start:
    20                                          ;[100*(d+3)-10]/d
    21 00000000 66B86400                        mov AX, 100
    22 00000004 8A35[00000000]                  mov DH, [d]
    23 0000000A 80C603                          add DH, 3
    24 0000000D F6E6                            mul DH
    25 0000000F 6683E80A                        sub AX, 10
    26 00000013 8A1D[00000000]                  mov BL, [d]
    27 00000019 F6F3                            div BL
    28                                          
    29                                          ; exit(0)
    30 0000001B 6A00                            push    dword 0      ; push the parameter for exit onto the stack
    31 0000001D FF15[00000000]                  call    [exit]       ; call exit to terminate the program
