     1                                  bits 32 ; assembling for the 32 bits architecture
     2                                  
     3                                  ; declare the EntryPoint (a label defining the very first instruction of the program)
     4                                  global start        
     5                                  
     6                                  ; declare external functions needed by our program
     7                                  extern exit               ; tell nasm that exit exists even if we won't be defining it
     8                                  import exit msvcrt.dll    ; exit is a function that ends the calling process. It is defined in msvcrt.dll
     9                                                            ; msvcrt.dll contains exit, printf and all the other important C-runtime specific functions
    10                                  
    11                                  ; our data is declared here (the variables needed by our program)
    12                                  segment data use32 class=data
    13                                      ;a,b,c,d - word
    14 00000000 2C01                        a dw 300
    15 00000002 0E01                        b dw 270
    16 00000004 9101                        c dw 401    
    17 00000006 FA01                        d dw 506
    18                                  
    19                                  ; our code starts here
    20                                  segment code use32 class=code
    21                                      start:
    22                                          ; compute (c+c+c)-b+(d-a)
    23 00000000 66A1[04000000]                  mov AX, [c]
    24 00000006 660305[04000000]                add AX, [c]
    25 0000000D 660305[04000000]                add AX, [c]
    26 00000014 662B05[02000000]                sub AX, [b]
    27 0000001B 668B1D[06000000]                mov BX, [d]
    28 00000022 662B1D[00000000]                sub BX, [a]
    29 00000029 6601D8                          add AX, BX
    30                                          
    31                                          ; exit(0)
    32 0000002C 6A00                            push    dword 0      ; push the parameter for exit onto the stack
    33 0000002E FF15[00000000]                  call    [exit]       ; call exit to terminate the program
